build/app/outputs/mapping/release/seeds.txt
com.feedmart.seller.MainActivity: MainActivity()
com.feedmart.seller.MainActivity
...
android.support.v4.media.session.MediaControllerCompat$MediaControllerImplApi21$ExtraBinderRequestResultReceiver
com.dexterous.flutterlocalnotifications.RuntimeTypeAdapterFactory: java.util.Map subtypeToLabel
androidx.window.layout.SidecarCompat$TranslatingCallback: void onWindowLayoutChanged(android.os.IBinder,androidx.window.sidecar.SidecarWindowLayoutInfo)
com.google.android.gms.measurement.internal.AppMeasurementDynamiteService: void setConsent(android.os.Bundle,long)
androidx.window.core.Version: androidx.window.core.Version UNKNOWN
io.flutter.embedding.engine.FlutterJNI: void handlePlatformMessage(java.lang.String,java.nio.ByteBuffer,int,long)
org.chromium.support_lib_boundary.WebSettingsBoundaryInterface: boolean getOffscreenPreRaster()
io.flutter.embedding.engine.FlutterJNI: io.flutter.plugin.platform.PlatformViewsController platformViewsController
androidx.window.R$styleable: int SplitPairFilter_secondaryActivityAction
org.threeten.bp.LocalDateTime: java.lang.Object readResolve()
org.threeten.bp.chrono.HijrahDate: java.lang.Object writeReplace()
androidx.window.R$styleable: int ActivityFilter_activityName
androidx.core.app.AppOpsManagerCompat$Api23Impl: int noteProxyOp(android.app.AppOpsManager,java.lang.String,java.lang.String)
androidx.window.layout.FoldingFeature$State$Companion: FoldingFeature$State$Companion()
androidx.core.view.ViewCompat$Api21Impl: boolean hasNestedScrollingParent(android.view.View)
com.google.android.gms.internal.measurement.zzfs: long zzh
com.dexterous.flutterlocalnotifications.models.styles.MessagingStyleInformation: com.dexterous.flutterlocalnotifications.models.PersonDetails person
androidx.window.embedding.ExtensionEmbeddingBackend$Companion: ExtensionEmbeddingBackend$Companion(kotlin.jvm.internal.DefaultConstructorMarker)
org.chromium.support_lib_boundary.WebkitToCompatConverterBoundaryInterface
org.threeten.bp.chrono.JapaneseEra
kotlinx.coroutines.CancelledContinuation
androidx.window.layout.WindowMetrics: androidx.window.core.Bounds _bounds
androidx.core.view.ViewCompat$Api28Impl: boolean isAccessibilityHeading(android.view.View)
com.dexterous.flutterlocalnotifications.FlutterLocalNotificationsPlugin: java.lang.String SHOW_METHOD
android.support.v4.media.AudioAttributesImplApi21Parcelizer: androidx.media.AudioAttributesImplApi21 read(androidx.versionedparcelable.VersionedParcel)
com.google.android.gms.internal.firebase-auth-api.zzod: java.lang.String zze
com.google.android.gms.internal.firebase-auth-api.zznp: int zze
com.google.android.exoplayer2.metadata.scte35.SpliceScheduleCommand: android.os.Parcelable$Creator CREATOR
androidx.media.AudioAttributesImplBaseParcelizer: AudioAttributesImplBaseParcelizer()
com.google.android.gms.internal.firebase-auth-api.zznl: int zzg
com.google.android.gms.internal.measurement.zzel: com.google.android.gms.internal.measurement.zzeq zzg
androidx.core.view.ViewGroupCompat$Api21Impl: boolean isTransitionGroup(android.view.ViewGroup)
com.google.firebase.installations.remote.InstallationResponse$ResponseCode: com.google.firebase.installations.remote.InstallationResponse$ResponseCode[] values()
androidx.window.embedding.ActivityFilter
com.google.firebase.messaging.EnhancedIntentService: EnhancedIntentService()
androidx.core.view.ViewCompat$Api19Impl: void notifySubtreeAccessibilityStateChanged(android.view.ViewParent,android.view.View,android.view.View,int)
com.dexterous.flutterlocalnotifications.FlutterLocalNotificationsPlugin: void areNotificationsEnabled(io.flutter.plugin.common.MethodChannel$Result)
io.flutter.embedding.android.FlutterSurfaceView
com.dexterous.flutterlocalnotifications.models.NotificationDetails: java.lang.String channelName
kotlinx.coroutines.channels.Receive
androidx.window.layout.SidecarWindowBackend$Companion: void resetInstance()
com.google.android.gms.internal.measurement.zzfe: com.google.android.gms.internal.measurement.zzkl zzo