build/app/outputs/mapping/release/mapping.txt
# compiler: R8
# compiler_version: 2.1.62
# min_api: 21
# pg_map_id: a37a739
# common_typos_disable
...
com.google.common.base.Predicates$1 -> f.a.b.a.l$a:
com.google.common.base.Predicates$AndPredicate -> f.a.b.a.l$b:
    java.util.List components -> n
com.google.common.base.Splitter -> f.a.b.a.m:
    int limit -> d
    com.google.common.base.CharMatcher trimmer -> a
    com.google.common.base.Splitter$Strategy strategy -> c
    boolean omitEmptyStrings -> b
    com.google.common.base.CharMatcher access$200(com.google.common.base.Splitter) -> a
    boolean access$300(com.google.common.base.Splitter) -> b
    int access$400(com.google.common.base.Splitter) -> c
    com.google.common.base.Splitter on(char) -> d
    com.google.common.base.Splitter on(com.google.common.base.CharMatcher) -> e
    java.util.List splitToList(java.lang.CharSequence) -> f
    java.util.Iterator splittingIterator(java.lang.CharSequence) -> g
com.google.common.base.Splitter$1 -> f.a.b.a.m$a:
    com.google.common.base.CharMatcher val$separatorMatcher -> a
    java.util.Iterator iterator(com.google.common.base.Splitter,java.lang.CharSequence) -> a
    com.google.common.base.Splitter$SplittingIterator iterator(com.google.common.base.Splitter,java.lang.CharSequence) -> b
com.google.common.base.Splitter$1$1 -> f.a.b.a.m$a$a:
    com.google.common.base.Splitter$1 this$0 -> u
    int separatorEnd(int) -> f
    int separatorStart(int) -> g
com.google.common.base.Splitter$SplittingIterator -> f.a.b.a.m$b:
    java.lang.CharSequence toSplit -> p
    int limit -> t
    com.google.common.base.CharMatcher trimmer -> q
    boolean omitEmptyStrings -> r
    int offset -> s
    java.lang.Object computeNext() -> b
    java.lang.String computeNext() -> e
    int separatorEnd(int) -> f
    int separatorStart(int) -> g
com.google.common.base.Splitter$Strategy -> f.a.b.a.m$c:
    java.util.Iterator iterator(com.google.common.base.Splitter,java.lang.CharSequence) -> a
com.google.common.base.Strings -> f.a.b.a.n:
    java.lang.String lenientFormat(java.lang.String,java.lang.Object[]) -> a
    java.lang.String lenientToString(java.lang.Object) -> b
com.google.common.base.Supplier -> f.a.b.a.o:
com.google.common.collect.AbstractIndexedListIterator -> f.a.b.b.a:
    int size -> n
    int position -> o
    java.lang.Object get(int) -> b
com.google.common.collect.AbstractIterator -> f.a.b.b.b:
    com.google.common.collect.AbstractIterator$State state -> n
    java.lang.Object next -> o
    java.lang.Object computeNext() -> b
    java.lang.Object endOfData() -> c
    boolean tryToComputeNext() -> d
com.google.common.collect.AbstractIterator$1 -> f.a.b.b.b$a:
    int[] $SwitchMap$com$google$common$collect$AbstractIterator$State -> a
com.google.common.collect.AbstractIterator$State -> f.a.b.b.b$b:
    com.google.common.collect.AbstractIterator$State NOT_READY -> o
    com.google.common.collect.AbstractIterator$State DONE -> p
    com.google.common.collect.AbstractIterator$State READY -> n
    com.google.common.collect.AbstractIterator$State FAILED -> q
    com.google.common.collect.AbstractIterator$State[] $VALUES -> r
    com.google.common.collect.AbstractIterator$State[] $values() -> d
com.google.common.collect.AbstractListMultimap -> f.a.b.b.c:
    java.util.Map asMap() -> a
    java.util.Collection unmodifiableCollectionSubclass(java.util.Collection) -> u
    java.util.Collection wrapCollection(java.lang.Object,java.util.Collection) -> v