build/app/outputs/mapping/release/usage.txt
com.feedmart.seller.R$style
com.feedmart.seller.R$mipmap
com.feedmart.seller.R$string
com.feedmart.seller.R$id
com.feedmart.seller.R
com.feedmart.seller.BuildConfig
com.feedmart.seller.R$raw
com.feedmart.seller.R$dimen
com.feedmart.seller.R$integer
com.feedmart.seller.R$color
com.feedmart.seller.R$styleable
com.feedmart.seller.R$attr
com.feedmart.seller.R$xml
com.feedmart.seller.R$layout
com.feedmart.seller.R$drawable
...
kotlinx.coroutines.flow.FlowKt__DelayKt$debounceInternal$1$values$1$invokeSuspend$$inlined$collect$1
com.google.common.util.concurrent.AbstractIdleService$DelegateService$2
androidx.viewpager.widget.PagerTabStrip$2
kotlin.text.StringsKt___StringsKt$windowedSequence$2
com.google.common.collect.Sets$5$1$1
com.google.android.exoplayer2.offline.DownloadHelper$2
com.google.android.gms.measurement.AppMeasurement$ConditionalUserProperty:
    public void <init>(com.google.android.gms.measurement.AppMeasurement$ConditionalUserProperty)
com.google.common.util.concurrent.AbstractService$1
io.flutter.app.FlutterActivityEvents
androidx.media.AudioAttributesCompat$AudioManagerHidden
com.google.common.collect.RegularImmutableMap:
    private static final byte ABSENT
    private static final int BYTE_MAX_SIZE
    private static final int SHORT_MAX_SIZE
    private static final int BYTE_MASK
    private static final int SHORT_MASK
    private static final long serialVersionUID
com.google.android.exoplayer2.analytics.PlaybackStatsListener$PlaybackStatsTracker
com.google.common.collect.TreeRangeMap$SubRangeMap$1
com.google.common.util.concurrent.CombinedFuture$AsyncCallableInterruptibleTask
com.google.android.exoplayer2.DefaultLoadControl:
    static synthetic void access$000(int,int,java.lang.String,java.lang.String)
    public static final int DEFAULT_MIN_BUFFER_MS
    public static final int DEFAULT_MAX_BUFFER_MS
    public static final int DEFAULT_BUFFER_FOR_PLAYBACK_MS
    public static final int DEFAULT_BUFFER_FOR_PLAYBACK_AFTER_REBUFFER_MS
    public static final int DEFAULT_TARGET_BUFFER_BYTES
    public static final boolean DEFAULT_PRIORITIZE_TIME_OVER_SIZE_THRESHOLDS
    public static final int DEFAULT_BACK_BUFFER_DURATION_MS
    public static final boolean DEFAULT_RETAIN_BACK_BUFFER_FROM_KEYFRAME
    public static final int DEFAULT_VIDEO_BUFFER_SIZE
    public static final int DEFAULT_AUDIO_BUFFER_SIZE
    public static final int DEFAULT_TEXT_BUFFER_SIZE
    public static final int DEFAULT_METADATA_BUFFER_SIZE
    public static final int DEFAULT_CAMERA_MOTION_BUFFER_SIZE
    public static final int DEFAULT_IMAGE_BUFFER_SIZE
    public static final int DEFAULT_MUXED_BUFFER_SIZE
    public static final int DEFAULT_MIN_BUFFER_SIZE
androidx.core.widget.TextViewCompat$Api17Impl
kotlin.jvm.internal.TypeReference$WhenMappings
androidx.media.MediaBrowserServiceCompat$ServiceBinderImpl$4
com.google.android.exoplayer2.extractor.jpeg.StartOffsetExtractorInput:
    public void setRetryPosition(long,java.lang.Throwable)
androidx.core.app.unusedapprestrictions.IUnusedAppRestrictionsBackportCallback$Default
com.google.common.collect.Tables$AbstractCell
kotlin.text.CharsKt__CharKt:
    public static final int digitToInt(char)
    public static final int digitToInt(char,int)
    public static final java.lang.Integer digitToIntOrNull(char)
    public static final java.lang.Integer digitToIntOrNull(char,int)
    public static final char digitToChar(int)
    public static final char digitToChar(int,int)
    public static final java.lang.String titlecase(char)
    private static final java.lang.String plus(char,java.lang.String)
    public static synthetic boolean equals$default(char,char,boolean,int,java.lang.Object)
    public static final boolean isSurrogate(char)
    public void <init>()
com.google.common.primitives.UnsignedLongs$LexicographicalComparator
com.google.android.datatransport.runtime.dagger.internal.MapFactory
com.google.android.exoplayer2.offline.DefaultDownloadIndex$DownloadCursorImpl
com.google.android.gms.auth.zza
com.google.common.io.CharSource
com.google.common.collect.Tables$1